<?xml version="1.0" encoding="UTF-8"?>
<!-- Generated by org.testng.reporters.JUnitReportReporter -->
<testsuite skipped="3" hostname="inimaya" name="LandlordTestCases.LandlordTest" tests="4" failures="0" timestamp="01 Sep 2018 01:07:57 GMT" time="3.434" errors="0">
  <testcase name="UpdateLandLordData" time="3.434" classname="LandlordTestCases.LandlordTest"/>
  <testcase name="deleteLandLordData" classname="LandlordTestCases.LandlordTest">
    <skipped/>
  </testcase> <!-- deleteLandLordData -->
  <testcase name="addLandLordData" classname="LandlordTestCases.LandlordTest">
    <skipped/>
  </testcase> <!-- addLandLordData -->
  <testcase name="getLandLordData" classname="LandlordTestCases.LandlordTest">
    <skipped/>
  </testcase> <!-- getLandLordData -->
</testsuite> <!-- LandlordTestCases.LandlordTest -->
