<?xml version="1.0" encoding="UTF-8"?>
<!-- Generated by org.testng.reporters.JUnitReportReporter -->
<testsuite skipped="3" hostname="inimaya" name="LandlordTestCases.LandlordTest" tests="4" failures="0" timestamp="11 Sep 2018 01:58:16 GMT" time="3.209" errors="0">
  <testcase name="addLandLordData" time="3.209" classname="LandlordTestCases.LandlordTest"/>
  <testcase name="UpdateLandLordData" classname="LandlordTestCases.LandlordTest">
    <skipped/>
  </testcase> <!-- UpdateLandLordData -->
  <testcase name="deleteLandLordData" classname="LandlordTestCases.LandlordTest">
    <skipped/>
  </testcase> <!-- deleteLandLordData -->
  <testcase name="getLandLordData" classname="LandlordTestCases.LandlordTest">
    <skipped/>
  </testcase> <!-- getLandLordData -->
</testsuite> <!-- LandlordTestCases.LandlordTest -->
